<?xml version="1.0" encoding="UTF-8"?>
<!-- Generated by org.testng.reporters.JUnitReportReporter -->
<testsuite hostname="192.168.1.104" failures="0" tests="1" name="com.framework.testcases.loginTestToApp" time="21.080" errors="0" timestamp="2022-02-03T15:20:35 GMT" skipped="0">
  <testcase classname="com.framework.testcases.loginTestToApp" name="loginApp" time="21.080"/>
  <system-out/>
</testsuite> <!-- com.framework.testcases.loginTestToApp -->
